# JRE version: Java(TM) SE Runtime Environment (23.0.1+11) (build 23.0.1+11-39)
# Java VM: Java HotSpot(TM) 64-Bit Server VM (23.0.1+11-39, mixed mode, sharing, tiered, compressed oops, compressed class ptrs, g1 gc, windows-amd64)
GC Precious Log:
 CardTable entry size: 512
 Card Set container configuration: InlinePtr #cards 5 size 8 Array Of Cards #cards 10 size 36 Howl #buckets 4 coarsen threshold 1843 Howl Bitmap #cards 512 size 80 coarsen threshold 460 Card regions per heap region 1 cards per card region 2048
 CPUs: 12 total, 12 available
 Memory: 3405M
 Large Page Support: Disabled
 NUMA Support: Disabled
 Compressed Oops: Enabled (32-bit)
 Heap Region Size: 1M
 Heap Min Capacity: 8M
 Heap Initial Capacity: 54M
 Heap Max Capacity: 852M
 Pre-touch: Disabled
 Parallel Workers: 10
 Concurrent Workers: 3
 Concurrent Refinement Workers: 10
 Periodic GC: Disabled
Heap:
 garbage-first heap   total reserved 872448K, committed 194560K, used 156192K [0x00000000cac00000, 0x0000000100000000)
  region size 1024K, 26 young (26624K), 1 survivors (1024K)
 Metaspace       used 76260K, committed 77120K, reserved 1179648K
  class space    used 9764K, committed 10240K, reserved 1048576K
GC Heap History (20 events):
Event: 694.180 GC heap before
{Heap before GC invocations=45 (full 0):
 garbage-first heap   total reserved 872448K, committed 173056K, used 158775K [0x00000000cac00000, 0x0000000100000000)
  region size 1024K, 59 young (60416K), 3 survivors (3072K)
 Metaspace       used 76163K, committed 76992K, reserved 1179648K
  class space    used 9806K, committed 10240K, reserved 1048576K
}
Event: 694.355 GC heap after
{Heap after GC invocations=46 (full 0):
 garbage-first heap   total reserved 872448K, committed 173056K, used 102277K [0x00000000cac00000, 0x0000000100000000)
  region size 1024K, 3 young (3072K), 3 survivors (3072K)
 Metaspace       used 76163K, committed 76992K, reserved 1179648K
  class space    used 9806K, committed 10240K, reserved 1048576K
}
Event: 721.712 GC heap before
{Heap before GC invocations=47 (full 0):
 garbage-first heap   total reserved 872448K, committed 173056K, used 159621K [0x00000000cac00000, 0x0000000100000000)
  region size 1024K, 59 young (60416K), 3 survivors (3072K)
 Metaspace       used 76178K, committed 77056K, reserved 1179648K
  class space    used 9807K, committed 10240K, reserved 1048576K
}
Event: 721.790 GC heap after
{Heap after GC invocations=48 (full 0):
 garbage-first heap   total reserved 872448K, committed 173056K, used 102533K [0x00000000cac00000, 0x0000000100000000)
  region size 1024K, 3 young (3072K), 3 survivors (3072K)
 Metaspace       used 76178K, committed 77056K, reserved 1179648K
  class space    used 9807K, committed 10240K, reserved 1048576K
}
Event: 749.125 GC heap before
{Heap before GC invocations=48 (full 0):
 garbage-first heap   total reserved 872448K, committed 173056K, used 158853K [0x00000000cac00000, 0x0000000100000000)
  region size 1024K, 59 young (60416K), 3 survivors (3072K)
 Metaspace       used 76206K, committed 77056K, reserved 1179648K
  class space    used 9807K, committed 10240K, reserved 1048576K
}
Event: 749.190 GC heap after
{Heap after GC invocations=49 (full 0):
 garbage-first heap   total reserved 872448K, committed 173056K, used 102304K [0x00000000cac00000, 0x0000000100000000)
  region size 1024K, 3 young (3072K), 3 survivors (3072K)
 Metaspace       used 76206K, committed 77056K, reserved 1179648K
  class space    used 9807K, committed 10240K, reserved 1048576K
}
Event: 784.868 GC heap before
{Heap before GC invocations=49 (full 0):
 garbage-first heap   total reserved 872448K, committed 173056K, used 158624K [0x00000000cac00000, 0x0000000100000000)
  region size 1024K, 59 young (60416K), 3 survivors (3072K)
 Metaspace       used 76223K, committed 77056K, reserved 1179648K
  class space    used 9808K, committed 10240K, reserved 1048576K
}
Event: 784.996 GC heap after
{Heap after GC invocations=50 (full 0):
 garbage-first heap   total reserved 872448K, committed 173056K, used 102407K [0x00000000cac00000, 0x0000000100000000)
  region size 1024K, 3 young (3072K), 3 survivors (3072K)
 Metaspace       used 76223K, committed 77056K, reserved 1179648K
  class space    used 9808K, committed 10240K, reserved 1048576K
}
Event: 815.633 GC heap before
{Heap before GC invocations=51 (full 0):
 garbage-first heap   total reserved 872448K, committed 173056K, used 158727K [0x00000000cac00000, 0x0000000100000000)
  region size 1024K, 59 young (60416K), 3 survivors (3072K)
 Metaspace       used 75978K, committed 77056K, reserved 1179648K
  class space    used 9732K, committed 10240K, reserved 1048576K
}
Event: 815.689 GC heap after
{Heap after GC invocations=52 (full 0):
 garbage-first heap   total reserved 872448K, committed 173056K, used 102428K [0x00000000cac00000, 0x0000000100000000)
  region size 1024K, 3 young (3072K), 3 survivors (3072K)
 Metaspace       used 75978K, committed 77056K, reserved 1179648K
  class space    used 9732K, committed 10240K, reserved 1048576K
}
Event: 841.945 GC heap before
{Heap before GC invocations=52 (full 0):
 garbage-first heap   total reserved 872448K, committed 173056K, used 159772K [0x00000000cac00000, 0x0000000100000000)
  region size 1024K, 59 young (60416K), 3 survivors (3072K)
 Metaspace       used 75995K, committed 77056K, reserved 1179648K
  class space    used 9732K, committed 10240K, reserved 1048576K
}
Event: 842.010 GC heap after
{Heap after GC invocations=53 (full 0):
 garbage-first heap   total reserved 872448K, committed 173056K, used 101451K [0x00000000cac00000, 0x0000000100000000)
  region size 1024K, 3 young (3072K), 3 survivors (3072K)
 Metaspace       used 75995K, committed 77056K, reserved 1179648K
  class space    used 9732K, committed 10240K, reserved 1048576K
}
Event: 870.285 GC heap before
{Heap before GC invocations=53 (full 0):
 garbage-first heap   total reserved 872448K, committed 173056K, used 159819K [0x00000000cac00000, 0x0000000100000000)
  region size 1024K, 60 young (61440K), 3 survivors (3072K)
 Metaspace       used 76040K, committed 77120K, reserved 1179648K
  class space    used 9732K, committed 10240K, reserved 1048576K
}
Event: 870.386 GC heap after
{Heap after GC invocations=54 (full 0):
 garbage-first heap   total reserved 872448K, committed 173056K, used 101561K [0x00000000cac00000, 0x0000000100000000)
  region size 1024K, 2 young (2048K), 2 survivors (2048K)
 Metaspace       used 76040K, committed 77120K, reserved 1179648K
  class space    used 9732K, committed 10240K, reserved 1048576K
}
Event: 885.583 GC heap before
{Heap before GC invocations=55 (full 0):
 garbage-first heap   total reserved 872448K, committed 173056K, used 159929K [0x00000000cac00000, 0x0000000100000000)
  region size 1024K, 60 young (61440K), 2 survivors (2048K)
 Metaspace       used 76006K, committed 77120K, reserved 1179648K
  class space    used 9716K, committed 10240K, reserved 1048576K
}
Event: 885.901 GC heap after
{Heap after GC invocations=56 (full 0):
 garbage-first heap   total reserved 872448K, committed 173056K, used 101557K [0x00000000cac00000, 0x0000000100000000)
  region size 1024K, 2 young (2048K), 2 survivors (2048K)
 Metaspace       used 76006K, committed 77120K, reserved 1179648K
  class space    used 9716K, committed 10240K, reserved 1048576K
}
Event: 901.813 GC heap before
{Heap before GC invocations=56 (full 0):
 garbage-first heap   total reserved 872448K, committed 173056K, used 160949K [0x00000000cac00000, 0x0000000100000000)
  region size 1024K, 60 young (61440K), 2 survivors (2048K)
 Metaspace       used 76009K, committed 77120K, reserved 1179648K
  class space    used 9718K, committed 10240K, reserved 1048576K
}
Event: 902.072 GC heap after
{Heap after GC invocations=57 (full 0):
 garbage-first heap   total reserved 872448K, committed 173056K, used 100727K [0x00000000cac00000, 0x0000000100000000)
  region size 1024K, 1 young (1024K), 1 survivors (1024K)
 Metaspace       used 76009K, committed 77120K, reserved 1179648K
  class space    used 9718K, committed 10240K, reserved 1048576K
}
Event: 1518.163 GC heap before
{Heap before GC invocations=57 (full 0):
 garbage-first heap   total reserved 872448K, committed 173056K, used 140663K [0x00000000cac00000, 0x0000000100000000)
  region size 1024K, 41 young (41984K), 1 survivors (1024K)
 Metaspace       used 76193K, committed 77120K, reserved 1179648K
  class space    used 9763K, committed 10240K, reserved 1048576K
}
Event: 1518.439 GC heap after
{Heap after GC invocations=58 (full 0):
 garbage-first heap   total reserved 872448K, committed 173056K, used 100896K [0x00000000cac00000, 0x0000000100000000)
  region size 1024K, 1 young (1024K), 1 survivors (1024K)
 Metaspace       used 76193K, committed 77120K, reserved 1179648K
  class space    used 9763K, committed 10240K, reserved 1048576K
}

