# JRE version: Java(TM) SE Runtime Environment (23.0.1+11) (build 23.0.1+11-39)
# Java VM: Java HotSpot(TM) 64-Bit Server VM (23.0.1+11-39, mixed mode, sharing, tiered, compressed oops, compressed class ptrs, g1 gc, windows-amd64)
GC Precious Log:
 CardTable entry size: 512
 Card Set container configuration: InlinePtr #cards 5 size 8 Array Of Cards #cards 10 size 36 Howl #buckets 4 coarsen threshold 1843 Howl Bitmap #cards 512 size 80 coarsen threshold 460 Card regions per heap region 1 cards per card region 2048
 CPUs: 12 total, 12 available
 Memory: 3405M
 Large Page Support: Disabled
 NUMA Support: Disabled
 Compressed Oops: Enabled (32-bit)
 Heap Region Size: 1M
 Heap Min Capacity: 8M
 Heap Initial Capacity: 54M
 Heap Max Capacity: 852M
 Pre-touch: Disabled
 Parallel Workers: 10
 Concurrent Workers: 3
 Concurrent Refinement Workers: 10
 Periodic GC: Disabled
Heap:
 garbage-first heap   total reserved 872448K, committed 94208K, used 67787K [0x00000000cac00000, 0x0000000100000000)
  region size 1024K, 6 young (6144K), 3 survivors (3072K)
 Metaspace       used 57831K, committed 58560K, reserved 1114112K
  class space    used 7851K, committed 8192K, reserved 1048576K
GC Heap History (20 events):
Event: 5.716 GC heap before
{Heap before GC invocations=7 (full 0):
 garbage-first heap   total reserved 872448K, committed 55296K, used 44032K [0x00000000cac00000, 0x0000000100000000)
  region size 1024K, 28 young (28672K), 4 survivors (4096K)
 Metaspace       used 31258K, committed 31744K, reserved 1114112K
  class space    used 4105K, committed 4352K, reserved 1048576K
}
Event: 5.726 GC heap after
{Heap after GC invocations=8 (full 0):
 garbage-first heap   total reserved 872448K, committed 55296K, used 20971K [0x00000000cac00000, 0x0000000100000000)
  region size 1024K, 4 young (4096K), 4 survivors (4096K)
 Metaspace       used 31258K, committed 31744K, reserved 1114112K
  class space    used 4105K, committed 4352K, reserved 1048576K
}
Event: 6.784 GC heap before
{Heap before GC invocations=8 (full 0):
 garbage-first heap   total reserved 872448K, committed 55296K, used 32235K [0x00000000cac00000, 0x0000000100000000)
  region size 1024K, 17 young (17408K), 4 survivors (4096K)
 Metaspace       used 35641K, committed 36096K, reserved 1114112K
  class space    used 4701K, committed 4928K, reserved 1048576K
}
Event: 6.789 GC heap after
{Heap after GC invocations=9 (full 0):
 garbage-first heap   total reserved 872448K, committed 55296K, used 23223K [0x00000000cac00000, 0x0000000100000000)
  region size 1024K, 3 young (3072K), 3 survivors (3072K)
 Metaspace       used 35641K, committed 36096K, reserved 1114112K
  class space    used 4701K, committed 4928K, reserved 1048576K
}
Event: 7.424 GC heap before
{Heap before GC invocations=10 (full 0):
 garbage-first heap   total reserved 872448K, committed 55296K, used 43703K [0x00000000cac00000, 0x0000000100000000)
  region size 1024K, 24 young (24576K), 3 survivors (3072K)
 Metaspace       used 40131K, committed 40640K, reserved 1114112K
  class space    used 5429K, committed 5632K, reserved 1048576K
}
Event: 7.429 GC heap after
{Heap after GC invocations=11 (full 0):
 garbage-first heap   total reserved 872448K, committed 55296K, used 25831K [0x00000000cac00000, 0x0000000100000000)
  region size 1024K, 3 young (3072K), 3 survivors (3072K)
 Metaspace       used 40131K, committed 40640K, reserved 1114112K
  class space    used 5429K, committed 5632K, reserved 1048576K
}
Event: 7.838 GC heap before
{Heap before GC invocations=11 (full 0):
 garbage-first heap   total reserved 872448K, committed 55296K, used 45287K [0x00000000cac00000, 0x0000000100000000)
  region size 1024K, 23 young (23552K), 3 survivors (3072K)
 Metaspace       used 43344K, committed 43968K, reserved 1114112K
  class space    used 5809K, committed 6080K, reserved 1048576K
}
Event: 7.847 GC heap after
{Heap after GC invocations=12 (full 0):
 garbage-first heap   total reserved 872448K, committed 55296K, used 27419K [0x00000000cac00000, 0x0000000100000000)
  region size 1024K, 2 young (2048K), 2 survivors (2048K)
 Metaspace       used 43344K, committed 43968K, reserved 1114112K
  class space    used 5809K, committed 6080K, reserved 1048576K
}
Event: 8.246 GC heap before
{Heap before GC invocations=12 (full 0):
 garbage-first heap   total reserved 872448K, committed 55296K, used 46875K [0x00000000cac00000, 0x0000000100000000)
  region size 1024K, 22 young (22528K), 2 survivors (2048K)
 Metaspace       used 49136K, committed 49728K, reserved 1114112K
  class space    used 6600K, committed 6848K, reserved 1048576K
}
Event: 8.251 GC heap after
{Heap after GC invocations=13 (full 0):
 garbage-first heap   total reserved 872448K, committed 55296K, used 29922K [0x00000000cac00000, 0x0000000100000000)
  region size 1024K, 3 young (3072K), 3 survivors (3072K)
 Metaspace       used 49136K, committed 49728K, reserved 1114112K
  class space    used 6600K, committed 6848K, reserved 1048576K
}
Event: 8.492 GC heap before
{Heap before GC invocations=14 (full 0):
 garbage-first heap   total reserved 872448K, committed 55296K, used 54498K [0x00000000cac00000, 0x0000000100000000)
  region size 1024K, 12 young (12288K), 3 survivors (3072K)
 Metaspace       used 50623K, committed 51200K, reserved 1114112K
  class space    used 6868K, committed 7104K, reserved 1048576K
}
Event: 8.497 GC heap after
{Heap after GC invocations=15 (full 0):
 garbage-first heap   total reserved 872448K, committed 60416K, used 47076K [0x00000000cac00000, 0x0000000100000000)
  region size 1024K, 2 young (2048K), 2 survivors (2048K)
 Metaspace       used 50623K, committed 51200K, reserved 1114112K
  class space    used 6868K, committed 7104K, reserved 1048576K
}
Event: 8.577 GC heap before
{Heap before GC invocations=15 (full 0):
 garbage-first heap   total reserved 872448K, committed 60416K, used 52196K [0x00000000cac00000, 0x0000000100000000)
  region size 1024K, 8 young (8192K), 2 survivors (2048K)
 Metaspace       used 51650K, committed 52352K, reserved 1114112K
  class space    used 6992K, committed 7296K, reserved 1048576K
}
Event: 8.580 GC heap after
{Heap after GC invocations=16 (full 0):
 garbage-first heap   total reserved 872448K, committed 72704K, used 48916K [0x00000000cac00000, 0x0000000100000000)
  region size 1024K, 1 young (1024K), 1 survivors (1024K)
 Metaspace       used 51650K, committed 52352K, reserved 1114112K
  class space    used 6992K, committed 7296K, reserved 1048576K
}
Event: 9.032 GC heap before
{Heap before GC invocations=16 (full 0):
 garbage-first heap   total reserved 872448K, committed 72704K, used 65300K [0x00000000cac00000, 0x0000000100000000)
  region size 1024K, 17 young (17408K), 1 survivors (1024K)
 Metaspace       used 54387K, committed 55040K, reserved 1114112K
  class space    used 7401K, committed 7680K, reserved 1048576K
}
Event: 9.036 GC heap after
{Heap after GC invocations=17 (full 0):
 garbage-first heap   total reserved 872448K, committed 72704K, used 50081K [0x00000000cac00000, 0x0000000100000000)
  region size 1024K, 3 young (3072K), 3 survivors (3072K)
 Metaspace       used 54387K, committed 55040K, reserved 1114112K
  class space    used 7401K, committed 7680K, reserved 1048576K
}
Event: 9.682 GC heap before
{Heap before GC invocations=18 (full 0):
 garbage-first heap   total reserved 872448K, committed 83968K, used 62604K [0x00000000cac00000, 0x0000000100000000)
  region size 1024K, 16 young (16384K), 3 survivors (3072K)
 Metaspace       used 56583K, committed 57216K, reserved 1114112K
  class space    used 7706K, committed 7936K, reserved 1048576K
}
Event: 9.687 GC heap after
{Heap after GC invocations=19 (full 0):
 garbage-first heap   total reserved 872448K, committed 83968K, used 50599K [0x00000000cac00000, 0x0000000100000000)
  region size 1024K, 2 young (2048K), 2 survivors (2048K)
 Metaspace       used 56583K, committed 57216K, reserved 1114112K
  class space    used 7706K, committed 7936K, reserved 1048576K
}
Event: 37.492 GC heap before
{Heap before GC invocations=19 (full 0):
 garbage-first heap   total reserved 872448K, committed 94208K, used 88487K [0x00000000cac00000, 0x0000000100000000)
  region size 1024K, 24 young (24576K), 2 survivors (2048K)
 Metaspace       used 57685K, committed 58432K, reserved 1114112K
  class space    used 7851K, committed 8192K, reserved 1048576K
}
Event: 37.551 GC heap after
{Heap after GC invocations=20 (full 0):
 garbage-first heap   total reserved 872448K, committed 94208K, used 65739K [0x00000000cac00000, 0x0000000100000000)
  region size 1024K, 3 young (3072K), 3 survivors (3072K)
 Metaspace       used 57685K, committed 58432K, reserved 1114112K
  class space    used 7851K, committed 8192K, reserved 1048576K
}

